<?xml version="1.0" encoding="utf-8" standalone="no"?>
<!--This file represents the results of running a test suite-->
<test-results name="C:\Code\HashSlinger\HashSlingerTests\HashSlingerTests.csproj" total="2" errors="0" failures="0" not-run="0" inconclusive="0" ignored="0" skipped="0" invalid="0" date="2011-11-08" time="02:04:06">
  <environment nunit-version="2.5.8.10295" clr-version="4.0.30319.239" os-version="Microsoft Windows NT 6.1.7601 Service Pack 1" platform="Win32NT" cwd="C:\Code\HashSlinger\HashSlingerTests" machine-name="BLACKTELESCOPE" user="sherman" user-domain="BLACKTELESCOPE" />
  <culture-info current-culture="en-US" current-uiculture="en-US" />
  <test-suite type="Project" name="C:\Code\HashSlinger\HashSlingerTests\HashSlingerTests.csproj" executed="True" result="Success" success="True" time="4.647" asserts="0">
    <results>
      <test-suite type="Assembly" name="C:\Code\HashSlinger\HashSlingerTests\bin\Debug\HashSlingerTests.dll" executed="True" result="Success" success="True" time="4.638" asserts="0">
        <results>
          <test-suite type="Namespace" name="HashSlingerTests" executed="True" result="Success" success="True" time="4.637" asserts="0">
            <results>
              <test-suite type="TestFixture" name="Tests" executed="True" result="Success" success="True" time="4.636" asserts="0">
                <results>
                  <test-case name="HashSlingerTests.Tests.CompareOutputVsStreamControl" executed="True" result="Success" success="True" time="0.089" asserts="1" />
                  <test-case name="HashSlingerTests.Tests.Test1" executed="True" result="Success" success="True" time="4.528" asserts="0" />
                </results>
              </test-suite>
            </results>
          </test-suite>
        </results>
      </test-suite>
    </results>
  </test-suite>
</test-results>